2025-02-20 09:29:12,470 [INFO] Activator:176 - 


2025-02-20 09:29:12,487 [INFO] Activator:177 - !SESSION log4j initialized
2025-02-20 09:29:33,302 [INFO] LogOutputStream:77 - [STDOUT_REDIRECT] 
2025-02-20 09:29:57,653 [INFO] ApplicationProperties:184 - Using Application install path: C:\ST\STM32CubeIDE_2\STM32CubeIDE\plugins\com.st.stm32cube.common.mx_6.13.0.202411220809
2025-02-20 09:29:57,722 [INFO] DbMcusXml:78 - Set database path to: C:\ST\STM32CubeIDE_2\STM32CubeIDE\plugins\com.st.stm32cube.common.mx_6.13.0.202411220809\\db\/mcu/
2025-02-20 09:29:57,723 [INFO] ApiDb:274 - Set plugin database path to: C:\ST\STM32CubeIDE_2\STM32CubeIDE\plugins\com.st.stm32cube.common.mx_6.13.0.202411220809\\db\/plugins/boardmanager/
2025-02-20 09:29:57,753 [WARN] ApiDb:259 - Overriding images path with different value:  => C:\ST\STM32CubeIDE_2\STM32CubeIDE\plugins\com.st.stm32cube.common.mx_6.13.0.202411220809\\db\/plugins/mcufinder/images/
2025-02-20 09:29:57,809 [INFO] ApiDb:250 - Set database path to: C:\Users\GOLUM\.stmcufinder\plugins\mcufinder//mcu/
2025-02-20 09:29:57,813 [INFO] DbMcusAds:125 - Set database path to: C:\Users\GOLUM\.stmcufinder\plugins\mcufinder//mcu/
2025-02-20 09:29:58,174 [INFO] CrossReferenceDbSqlite:203 - Set database path to: C:\Users\GOLUM\.stmcufinder\plugins\mcufinder//mcu/cs/
2025-02-20 09:29:58,825 [INFO] RulesReader:64 - Compatibility file has been processed (297 Rules)
2025-02-20 09:29:59,137 [INFO] DbMcusXml:78 - Set database path to: C:\ST\STM32CubeIDE_2\STM32CubeIDE\plugins\com.st.stm32cube.common.mx_6.13.0.202411220809\\db\/mcu/
2025-02-20 09:29:59,137 [INFO] ApiDb:274 - Set plugin database path to: C:\ST\STM32CubeIDE_2\STM32CubeIDE\plugins\com.st.stm32cube.common.mx_6.13.0.202411220809\\db\/plugins/boardmanager/
2025-02-20 09:29:59,138 [INFO] ApiDb:261 - Set plugin images path to: C:\ST\STM32CubeIDE_2\STM32CubeIDE\plugins\com.st.stm32cube.common.mx_6.13.0.202411220809\\db\/plugins/mcufinder/images/
2025-02-20 09:29:59,138 [WARN] DbFile:41 - Overriding database path with different value: C:\Users\GOLUM\.stmcufinder\plugins\mcufinder/ => C:\Users\GOLUM\.stmcufinder\plugins\mcufinder
2025-02-20 09:29:59,139 [INFO] ApiDb:250 - Set database path to: C:\Users\GOLUM\.stmcufinder\plugins\mcufinder//mcu/
2025-02-20 09:29:59,139 [WARN] DbFile:41 - Overriding database path with different value: C:\Users\GOLUM\.stmcufinder\plugins\mcufinder/ => C:\Users\GOLUM\.stmcufinder\plugins\mcufinder
2025-02-20 09:29:59,139 [INFO] DbMcusAds:125 - Set database path to: C:\Users\GOLUM\.stmcufinder\plugins\mcufinder//mcu/
2025-02-20 09:29:59,140 [WARN] DbFile:41 - Overriding database path with different value: C:\Users\GOLUM\.stmcufinder\plugins\mcufinder/ => C:\Users\GOLUM\.stmcufinder\plugins\mcufinder
2025-02-20 09:29:59,140 [WARN] DbFile:41 - Overriding database path with different value: C:\Users\GOLUM\.stmcufinder\plugins\mcufinder/ => C:\Users\GOLUM\.stmcufinder\plugins\mcufinder
2025-02-20 09:29:59,140 [INFO] CrossReferenceDbSqlite:203 - Set database path to: C:\Users\GOLUM\.stmcufinder\plugins\mcufinder//mcu/cs/
2025-02-20 09:29:59,505 [INFO] MainPanel:272 - HeapMemory: 268435456
2025-02-20 09:29:59,887 [INFO] DbMcusXml:78 - Set database path to: C:\ST\STM32CubeIDE_2\STM32CubeIDE\plugins\com.st.stm32cube.common.mx_6.13.0.202411220809\\db\/mcu/
2025-02-20 09:29:59,888 [INFO] ApiDb:274 - Set plugin database path to: C:\ST\STM32CubeIDE_2\STM32CubeIDE\plugins\com.st.stm32cube.common.mx_6.13.0.202411220809\\db\/plugins/boardmanager/
2025-02-20 09:29:59,888 [INFO] ApiDb:261 - Set plugin images path to: C:\ST\STM32CubeIDE_2\STM32CubeIDE\plugins\com.st.stm32cube.common.mx_6.13.0.202411220809\\db\/plugins/mcufinder/images/
2025-02-20 09:29:59,890 [WARN] DbFile:41 - Overriding database path with different value: C:\Users\GOLUM\.stmcufinder\plugins\mcufinder/ => C:\Users\GOLUM\.stmcufinder\plugins\mcufinder
2025-02-20 09:29:59,890 [INFO] ApiDb:250 - Set database path to: C:\Users\GOLUM\.stmcufinder\plugins\mcufinder//mcu/
2025-02-20 09:29:59,890 [WARN] DbFile:41 - Overriding database path with different value: C:\Users\GOLUM\.stmcufinder\plugins\mcufinder/ => C:\Users\GOLUM\.stmcufinder\plugins\mcufinder
2025-02-20 09:29:59,891 [INFO] DbMcusAds:125 - Set database path to: C:\Users\GOLUM\.stmcufinder\plugins\mcufinder//mcu/
2025-02-20 09:29:59,891 [WARN] DbFile:41 - Overriding database path with different value: C:\Users\GOLUM\.stmcufinder\plugins\mcufinder/ => C:\Users\GOLUM\.stmcufinder\plugins\mcufinder
2025-02-20 09:29:59,891 [WARN] DbFile:41 - Overriding database path with different value: C:\Users\GOLUM\.stmcufinder\plugins\mcufinder/ => C:\Users\GOLUM\.stmcufinder\plugins\mcufinder
2025-02-20 09:29:59,891 [INFO] CrossReferenceDbSqlite:203 - Set database path to: C:\Users\GOLUM\.stmcufinder\plugins\mcufinder//mcu/cs/
2025-02-20 09:29:59,962 [INFO] ApplicationProperties:184 - Using Application install path: C:\ST\STM32CubeIDE_2\STM32CubeIDE\plugins\com.st.stm32cube.common.mx_6.13.0.202411220809
2025-02-20 09:29:59,966 [INFO] PluginManage:196 - Search for loadable plugins [exclusion list=, ]
2025-02-20 09:29:59,971 [INFO] PluginManage:310 - Check plugin analytics
2025-02-20 09:30:05,410 [INFO] AnalyticsPlugin:253 - Accepted Software Licenses: 
2025-02-20 09:30:05,411 [INFO] AnalyticsPlugin:255 - Accepted CMSIS Pack Licenses: 
2025-02-20 09:30:05,414 [INFO] AnalyticsPlugin:257 - Accepted Firmware Licenses: FW.F4.1.28.0
2025-02-20 09:30:05,420 [INFO] PluginManage:359 - Loaded plugin analytics (category:tool,tabindex:-1)
2025-02-20 09:30:05,421 [INFO] PluginManage:310 - Check plugin cadmodel
2025-02-20 09:30:05,438 [INFO] CADModel:105 - Init CAD model plugin
2025-02-20 09:30:05,438 [INFO] PluginManage:359 - Loaded plugin cadmodel (category:power,tabindex:5)
2025-02-20 09:30:05,439 [INFO] PluginManage:310 - Check plugin clock
2025-02-20 09:30:05,483 [INFO] PluginManage:359 - Loaded plugin clock (category:base,tabindex:2)
2025-02-20 09:30:05,483 [INFO] PluginManage:310 - Check plugin ddr
2025-02-20 09:30:05,491 [INFO] PluginManage:359 - Loaded plugin ddr (category:tool,tabindex:6)
2025-02-20 09:30:05,491 [INFO] PluginManage:310 - Check plugin filemanager
2025-02-20 09:30:06,171 [INFO] PluginManage:359 - Loaded plugin filemanager (category:base,tabindex:10)
2025-02-20 09:30:06,171 [INFO] PluginManage:310 - Check plugin ipmanager
2025-02-20 09:30:06,200 [INFO] PluginManage:359 - Loaded plugin ipmanager (category:base,tabindex:5)
2025-02-20 09:30:06,200 [INFO] PluginManage:310 - Check plugin lpbam
2025-02-20 09:30:06,219 [INFO] PluginManage:359 - Loaded plugin lpbam (category:base,tabindex:0)
2025-02-20 09:30:06,219 [INFO] PluginManage:310 - Check plugin memorymap
2025-02-20 09:30:06,261 [INFO] PluginManage:359 - Loaded plugin memorymap (category:base,tabindex:4)
2025-02-20 09:30:06,262 [INFO] PluginManage:310 - Check plugin pinoutandconfiguration
2025-02-20 09:30:06,285 [INFO] PluginManage:359 - Loaded plugin pinoutandconfiguration (category:base,tabindex:1)
2025-02-20 09:30:06,286 [INFO] PluginManage:310 - Check plugin pinoutconfig
2025-02-20 09:30:06,599 [WARN] SupportedApi:132 - Cannot load RTOS API schema: s4s-elt-must-match.1: The content of 'definitions' must match (annotation?, (simpleType | complexType)?, (unique | key | keyref)*)). A problem was found starting at: attribute.
2025-02-20 09:30:06,928 [INFO] PluginManage:359 - Loaded plugin pinoutconfig (category:base,tabindex:0)
2025-02-20 09:30:06,930 [INFO] PluginManage:310 - Check plugin power
2025-02-20 09:30:06,960 [INFO] PluginManage:359 - Loaded plugin power (category:power,tabindex:4)
2025-02-20 09:30:06,960 [INFO] PluginManage:310 - Check plugin projectmanager
2025-02-20 09:30:06,999 [INFO] PluginManage:359 - Loaded plugin projectmanager (category:projectmanager,tabindex:4)
2025-02-20 09:30:07,000 [INFO] PluginManage:310 - Check plugin rif
2025-02-20 09:30:07,017 [INFO] PluginManage:359 - Loaded plugin rif (category:base,tabindex:3)
2025-02-20 09:30:07,018 [INFO] PluginManage:310 - Check plugin thirdparty
2025-02-20 09:30:07,371 [INFO] PluginManage:359 - Loaded plugin thirdparty (category:base,tabindex:-1)
2025-02-20 09:30:07,371 [INFO] PluginManage:310 - Check plugin tools
2025-02-20 09:30:07,375 [WARN] IntegrityCheckThread:84 - waiting for thirdparty lock release [integrity check]
2025-02-20 09:30:07,377 [INFO] IntegrityCheckThread:86 - entering critical section [integrity check]
2025-02-20 09:30:07,379 [INFO] PluginManage:359 - Loaded plugin tools (category:base,tabindex:7)
2025-02-20 09:30:07,379 [INFO] PluginManage:310 - Check plugin tutovideos
2025-02-20 09:30:07,382 [INFO] ThirdPartyUpdaterWithRetryManager:70 - Updater plugin not ready yet. [1/15]
2025-02-20 09:30:07,782 [INFO] PluginManage:359 - Loaded plugin tutovideos (category:base,tabindex:-1)
2025-02-20 09:30:07,782 [INFO] PluginManage:310 - Check plugin updater
2025-02-20 09:30:07,859 [INFO] PluginManage:359 - Loaded plugin updater (category:base,tabindex:12)
2025-02-20 09:30:07,859 [INFO] PluginManage:310 - Check plugin userauth
2025-02-20 09:30:07,869 [INFO] UserAuth:118 - Init User Auth plugin
2025-02-20 09:30:07,871 [INFO] PluginManage:359 - Loaded plugin userauth (category:base,tabindex:14)
2025-02-20 09:30:07,872 [INFO] PluginManage:283 - PluginManage : Loaded plugins [18]
2025-02-20 09:30:08,397 [INFO] PinOutPanel:1589 - setPackage(No Configuration,No Configuration)
2025-02-20 09:30:08,623 [INFO] CADModel:165 - CPN selected for project level
2025-02-20 09:30:08,623 [INFO] CADModel:114 - Register for checkConnection events
2025-02-20 09:30:08,668 [INFO] IPUIPlugin:80 - create IPUIPlugin
2025-02-20 09:30:08,669 [INFO] PluginManager:220 - loadIPPluginJar : add adc
2025-02-20 09:30:08,677 [INFO] IPUIPlugin:80 - create IPUIPlugin
2025-02-20 09:30:08,678 [INFO] PluginManager:220 - loadIPPluginJar : add aes
2025-02-20 09:30:08,697 [INFO] IPUIPlugin:80 - create IPUIPlugin
2025-02-20 09:30:08,697 [INFO] PluginManager:220 - loadIPPluginJar : add can
2025-02-20 09:30:08,703 [INFO] IPUIPlugin:80 - create IPUIPlugin
2025-02-20 09:30:08,704 [INFO] PluginManager:220 - loadIPPluginJar : add comp
2025-02-20 09:30:08,711 [INFO] IPUIPlugin:80 - create IPUIPlugin
2025-02-20 09:30:08,712 [INFO] PluginManager:220 - loadIPPluginJar : add cryp
2025-02-20 09:30:08,721 [INFO] IPUIPlugin:80 - create IPUIPlugin
2025-02-20 09:30:08,721 [INFO] PluginManager:220 - loadIPPluginJar : add ddr_ctrl_phy
2025-02-20 09:30:08,730 [INFO] IPUIPlugin:80 - create IPUIPlugin
2025-02-20 09:30:08,730 [INFO] PluginManager:220 - loadIPPluginJar : add dfsdm
2025-02-20 09:30:08,744 [INFO] IPUIPlugin:80 - create IPUIPlugin
2025-02-20 09:30:08,746 [INFO] PluginManager:220 - loadIPPluginJar : add dma
2025-02-20 09:30:08,754 [INFO] IPUIPlugin:80 - create IPUIPlugin
2025-02-20 09:30:08,754 [INFO] PluginManager:220 - loadIPPluginJar : add dma3
2025-02-20 09:30:08,763 [INFO] IPUIPlugin:80 - create IPUIPlugin
2025-02-20 09:30:08,763 [INFO] PluginManager:220 - loadIPPluginJar : add extmemmanager
2025-02-20 09:30:08,767 [INFO] IPUIPlugin:80 - create IPUIPlugin
2025-02-20 09:30:08,767 [INFO] PluginManager:220 - loadIPPluginJar : add fatfs
2025-02-20 09:30:08,780 [INFO] IPUIPlugin:80 - create IPUIPlugin
2025-02-20 09:30:08,780 [INFO] PluginManager:220 - loadIPPluginJar : add fmc
2025-02-20 09:30:08,794 [INFO] IPUIPlugin:80 - create IPUIPlugin
2025-02-20 09:30:08,794 [INFO] PluginManager:220 - loadIPPluginJar : add freertos
2025-02-20 09:30:08,797 [INFO] IPUIPlugin:80 - create IPUIPlugin
2025-02-20 09:30:08,798 [INFO] PluginManager:220 - loadIPPluginJar : add genericplugin
2025-02-20 09:30:08,803 [INFO] IPUIPlugin:80 - create IPUIPlugin
2025-02-20 09:30:08,804 [INFO] PluginManager:220 - loadIPPluginJar : add gfxmmu
2025-02-20 09:30:08,815 [INFO] IPUIPlugin:80 - create IPUIPlugin
2025-02-20 09:30:08,816 [INFO] PluginManager:220 - loadIPPluginJar : add gic
2025-02-20 09:30:08,826 [INFO] IPUIPlugin:80 - create IPUIPlugin
2025-02-20 09:30:08,827 [INFO] PluginManager:220 - loadIPPluginJar : add gpio
2025-02-20 09:30:08,835 [INFO] IPUIPlugin:80 - create IPUIPlugin
2025-02-20 09:30:08,835 [INFO] PluginManager:220 - loadIPPluginJar : add gtzc
2025-02-20 09:30:08,841 [INFO] IPUIPlugin:80 - create IPUIPlugin
2025-02-20 09:30:08,842 [INFO] PluginManager:220 - loadIPPluginJar : add hash
2025-02-20 09:30:08,849 [INFO] IPUIPlugin:80 - create IPUIPlugin
2025-02-20 09:30:08,850 [INFO] PluginManager:220 - loadIPPluginJar : add i2c
2025-02-20 09:30:08,857 [INFO] IPUIPlugin:80 - create IPUIPlugin
2025-02-20 09:30:08,857 [INFO] PluginManager:220 - loadIPPluginJar : add i2s
2025-02-20 09:30:08,866 [INFO] IPUIPlugin:80 - create IPUIPlugin
2025-02-20 09:30:08,866 [INFO] PluginManager:220 - loadIPPluginJar : add i3c
2025-02-20 09:30:08,875 [INFO] IPUIPlugin:80 - create IPUIPlugin
2025-02-20 09:30:08,876 [INFO] PluginManager:220 - loadIPPluginJar : add ipddr
2025-02-20 09:30:08,893 [INFO] IPUIPlugin:80 - create IPUIPlugin
2025-02-20 09:30:08,893 [INFO] PluginManager:220 - loadIPPluginJar : add linkedlist
2025-02-20 09:30:08,912 [INFO] IPUIPlugin:80 - create IPUIPlugin
2025-02-20 09:30:08,914 [INFO] PluginManager:220 - loadIPPluginJar : add lorawan
2025-02-20 09:30:08,918 [INFO] IPUIPlugin:80 - create IPUIPlugin
2025-02-20 09:30:08,919 [INFO] PluginManager:220 - loadIPPluginJar : add ltdc
2025-02-20 09:30:08,935 [INFO] IPUIPlugin:80 - create IPUIPlugin
2025-02-20 09:30:08,935 [INFO] PluginManager:220 - loadIPPluginJar : add mdma
2025-02-20 09:30:08,944 [INFO] IPUIPlugin:80 - create IPUIPlugin
2025-02-20 09:30:08,945 [INFO] PluginManager:220 - loadIPPluginJar : add nvic
2025-02-20 09:30:08,952 [INFO] IPUIPlugin:80 - create IPUIPlugin
2025-02-20 09:30:08,952 [INFO] PluginManager:220 - loadIPPluginJar : add opamp
2025-02-20 09:30:08,961 [INFO] IPUIPlugin:80 - create IPUIPlugin
2025-02-20 09:30:08,962 [INFO] PluginManager:220 - loadIPPluginJar : add openamp
2025-02-20 09:30:08,971 [INFO] IPUIPlugin:80 - create IPUIPlugin
2025-02-20 09:30:08,971 [INFO] PluginManager:220 - loadIPPluginJar : add pdm2pcm
2025-02-20 09:30:08,988 [INFO] IPUIPlugin:80 - create IPUIPlugin
2025-02-20 09:30:08,995 [INFO] PluginManager:220 - loadIPPluginJar : add plateformsettings
2025-02-20 09:30:09,001 [INFO] IPUIPlugin:80 - create IPUIPlugin
2025-02-20 09:30:09,001 [INFO] PluginManager:220 - loadIPPluginJar : add quadspi
2025-02-20 09:30:09,007 [INFO] IPUIPlugin:80 - create IPUIPlugin
2025-02-20 09:30:09,008 [INFO] PluginManager:220 - loadIPPluginJar : add radio
2025-02-20 09:30:09,020 [INFO] IPUIPlugin:80 - create IPUIPlugin
2025-02-20 09:30:09,020 [INFO] PluginManager:220 - loadIPPluginJar : add resmgrutility
2025-02-20 09:30:09,030 [INFO] IPUIPlugin:80 - create IPUIPlugin
2025-02-20 09:30:09,030 [INFO] PluginManager:220 - loadIPPluginJar : add sai
2025-02-20 09:30:09,037 [INFO] IPUIPlugin:80 - create IPUIPlugin
2025-02-20 09:30:09,037 [INFO] PluginManager:220 - loadIPPluginJar : add spi
2025-02-20 09:30:09,050 [INFO] IPUIPlugin:80 - create IPUIPlugin
2025-02-20 09:30:09,051 [INFO] PluginManager:220 - loadIPPluginJar : add stm32_wpan
2025-02-20 09:30:09,056 [INFO] IPUIPlugin:80 - create IPUIPlugin
2025-02-20 09:30:09,057 [INFO] PluginManager:220 - loadIPPluginJar : add tim
2025-02-20 09:30:09,066 [INFO] IPUIPlugin:80 - create IPUIPlugin
2025-02-20 09:30:09,066 [INFO] PluginManager:220 - loadIPPluginJar : add touchsensing
2025-02-20 09:30:09,072 [INFO] IPUIPlugin:80 - create IPUIPlugin
2025-02-20 09:30:09,072 [INFO] PluginManager:220 - loadIPPluginJar : add tracer_emb
2025-02-20 09:30:09,078 [INFO] IPUIPlugin:80 - create IPUIPlugin
2025-02-20 09:30:09,078 [INFO] PluginManager:220 - loadIPPluginJar : add ts
2025-02-20 09:30:09,084 [INFO] IPUIPlugin:80 - create IPUIPlugin
2025-02-20 09:30:09,084 [INFO] PluginManager:220 - loadIPPluginJar : add tsc
2025-02-20 09:30:09,089 [INFO] IPUIPlugin:80 - create IPUIPlugin
2025-02-20 09:30:09,089 [INFO] PluginManager:220 - loadIPPluginJar : add ucpd
2025-02-20 09:30:09,097 [INFO] IPUIPlugin:80 - create IPUIPlugin
2025-02-20 09:30:09,097 [INFO] PluginManager:220 - loadIPPluginJar : add usart
2025-02-20 09:30:09,105 [INFO] IPUIPlugin:80 - create IPUIPlugin
2025-02-20 09:30:09,105 [INFO] PluginManager:220 - loadIPPluginJar : add usbx
2025-02-20 09:30:09,295 [FATAL] Updater:351 - Updater called before beeing initialized
2025-02-20 09:30:09,426 [INFO] RulesReader:64 - Compatibility file has been processed (297 Rules)
2025-02-20 09:30:09,497 [INFO] RulesReader:64 - Compatibility file has been processed (297 Rules)
2025-02-20 09:30:09,539 [INFO] CADModel:165 - CPN selected for project level
2025-02-20 09:30:09,539 [INFO] CADModel:114 - Register for checkConnection events
2025-02-20 09:30:09,540 [FATAL] Updater:351 - Updater called before beeing initialized
2025-02-20 09:30:09,540 [ERROR] CADModel:125 - Updater not yet initialized, retry later 
2025-02-20 09:30:09,907 [FATAL] Updater:351 - Updater called before beeing initialized
2025-02-20 09:30:09,914 [INFO] CADModel:165 - CPN selected for project level
2025-02-20 09:30:09,914 [INFO] CADModel:114 - Register for checkConnection events
2025-02-20 09:30:09,914 [FATAL] Updater:351 - Updater called before beeing initialized
2025-02-20 09:30:09,914 [ERROR] CADModel:125 - Updater not yet initialized, retry later 
2025-02-20 09:30:09,922 [FATAL] Updater:351 - Updater called before beeing initialized
2025-02-20 09:30:10,178 [FATAL] Updater:351 - Updater called before beeing initialized
2025-02-20 09:30:10,186 [INFO] DbMcusAds:53 - JSON generation date=Tue Dec 17 21:31:15 IST 2024 (1734451275111)
2025-02-20 09:30:10,186 [FATAL] Updater:351 - Updater called before beeing initialized
2025-02-20 09:30:10,286 [WARN] DetailPanel:346 - Failed to get advertising image, set to default
2025-02-20 09:30:10,388 [INFO] ThirdPartyUpdaterWithRetryManager:70 - Updater plugin not ready yet. [2/15]
2025-02-20 09:30:11,033 [FATAL] Updater:351 - Updater called before beeing initialized
2025-02-20 09:30:11,039 [FATAL] Updater:351 - Updater called before beeing initialized
2025-02-20 09:30:11,039 [FATAL] Updater:351 - Updater called before beeing initialized
2025-02-20 09:30:11,039 [WARN] DetailPanel:346 - Failed to get advertising image, set to default
2025-02-20 09:30:11,040 [FATAL] Updater:351 - Updater called before beeing initialized
2025-02-20 09:30:11,144 [ERROR] Updater:1198 - MainUpdater not yet initialized. External WinMGr cannot be set.
2025-02-20 09:30:11,149 [INFO] Updater:1134 - Updater Version found : 6.13.0
2025-02-20 09:30:11,190 [INFO] ApplicationProperties:184 - Using Application install path: C:\ST\STM32CubeIDE_2\STM32CubeIDE\plugins\com.st.stm32cube.common.mx_6.13.0.202411220809
2025-02-20 09:30:12,834 [ERROR] LogOutputStream:75 - [STDERR_REDIRECT] Feb 20, 2025 9:30:12 AM java.util.prefs.WindowsPreferences <init>
2025-02-20 09:30:12,838 [ERROR] LogOutputStream:75 - [STDERR_REDIRECT] WARNING: Could not open/create prefs root node Software\JavaSoft\Prefs at root 0xffffffff80000002. Windows RegCreateKeyEx(...) returned error code 5.
2025-02-20 09:30:12,839 [ERROR] LogOutputStream:75 - [STDERR_REDIRECT] 
2025-02-20 09:30:13,396 [FATAL] Updater:351 - Updater called before beeing initialized
2025-02-20 09:30:13,397 [ERROR] IntegrityCheckThread:130 - Cannot retrieve database content from updater: error 21
2025-02-20 09:30:13,398 [INFO] ThirdParty:978 - Integrity check success = false
2025-02-20 09:30:13,398 [INFO] IntegrityCheckThread:100 - exiting critical section [integrity check]
2025-02-20 09:30:13,398 [INFO] IntegrityCheckThread:103 - End integrity checks thread
2025-02-20 09:30:13,731 [INFO] MainUpdater:2872 - connection check result : 10
2025-02-20 09:30:13,733 [INFO] MainUpdater:289 - Updater Check For Update Now.
2025-02-20 09:30:13,734 [INFO] MicroXplorer:498 - Change Database Version : DB.6.0.130
2025-02-20 09:30:13,748 [INFO] McuFinderGlobals:63 - Set McuFinder mode to 2 (CubeIDE integrated)
2025-02-20 09:30:13,751 [INFO] UserAuth:486 - Internet connection configuration mode: 1
2025-02-20 09:30:13,796 [INFO] JxBrowserEngine:152 - Initiate JxBrowser Engine with user profile folder
2025-02-20 09:30:14,094 [INFO] CheckServerUpdateThread:120 - End of CheckServer Thread
2025-02-20 09:30:17,805 [INFO] WebApp:168 - Instantiating new browser for Auth
2025-02-20 09:30:23,291 [INFO] WebApp:449 - Apply proxy settings
2025-02-20 09:30:23,292 [INFO] WebApp:534 - Chromium requires no authentication
2025-02-20 09:30:23,324 [INFO] WebApp:477 - Direct internet connection detected
2025-02-20 09:30:23,421 [INFO] WebApp:880 - Register for checkConnection events
2025-02-20 09:30:23,422 [INFO] WebApp:449 - Apply proxy settings
2025-02-20 09:30:23,422 [INFO] WebApp:534 - Chromium requires no authentication
2025-02-20 09:30:23,427 [INFO] WebApp:477 - Direct internet connection detected
2025-02-20 09:30:24,417 [INFO] WebApp:221 - Starting web application
2025-02-20 09:30:24,418 [INFO] WebApp:579 - Web application path used C:\ST\STM32CubeIDE_2\STM32CubeIDE\plugins\com.st.stm32cube.common.mx_6.13.0.202411220809\db\plugins\mcufinder\reactClient1\index.html
2025-02-20 09:30:24,807 [INFO] UserAuth:486 - Internet connection configuration mode: 1
2025-02-20 09:30:28,156 [INFO] WebApp:187 - Connection restablished
2025-02-20 09:32:01,888 [ERROR] LogOutputStream:75 - [STDERR_REDIRECT] 
