2025-02-03 23:34:24,715 [INFO] Activator:176 - 


2025-02-03 23:34:24,729 [INFO] Activator:177 - !SESSION log4j initialized
2025-02-03 23:34:40,748 [INFO] LogOutputStream:77 - [STDOUT_REDIRECT] 
2025-02-03 23:34:54,860 [INFO] ApplicationProperties:184 - Using Application install path: C:\ST\STM32CubeIDE_1.16.1\STM32CubeIDE\plugins\com.st.stm32cube.common.mx_6.13.0.202411220809
2025-02-03 23:34:54,904 [INFO] DbMcusXml:78 - Set database path to: C:\ST\STM32CubeIDE_1.16.1\STM32CubeIDE\plugins\com.st.stm32cube.common.mx_6.13.0.202411220809\\db\/mcu/
2025-02-03 23:34:54,905 [INFO] ApiDb:274 - Set plugin database path to: C:\ST\STM32CubeIDE_1.16.1\STM32CubeIDE\plugins\com.st.stm32cube.common.mx_6.13.0.202411220809\\db\/plugins/boardmanager/
2025-02-03 23:34:54,906 [WARN] ApiDb:259 - Overriding images path with different value:  => C:\ST\STM32CubeIDE_1.16.1\STM32CubeIDE\plugins\com.st.stm32cube.common.mx_6.13.0.202411220809\\db\/plugins/mcufinder/images/
2025-02-03 23:34:54,921 [INFO] ApiDb:250 - Set database path to: C:\Users\GOLUM\.stmcufinder\plugins\mcufinder//mcu/
2025-02-03 23:34:54,925 [INFO] DbMcusAds:125 - Set database path to: C:\Users\GOLUM\.stmcufinder\plugins\mcufinder//mcu/
2025-02-03 23:34:54,938 [INFO] CrossReferenceDbSqlite:203 - Set database path to: C:\Users\GOLUM\.stmcufinder\plugins\mcufinder//mcu/cs/
2025-02-03 23:34:55,272 [INFO] RulesReader:64 - Compatibility file has been processed (297 Rules)
2025-02-03 23:34:55,445 [INFO] DbMcusXml:78 - Set database path to: C:\ST\STM32CubeIDE_1.16.1\STM32CubeIDE\plugins\com.st.stm32cube.common.mx_6.13.0.202411220809\\db\/mcu/
2025-02-03 23:34:55,445 [INFO] ApiDb:274 - Set plugin database path to: C:\ST\STM32CubeIDE_1.16.1\STM32CubeIDE\plugins\com.st.stm32cube.common.mx_6.13.0.202411220809\\db\/plugins/boardmanager/
2025-02-03 23:34:55,446 [INFO] ApiDb:261 - Set plugin images path to: C:\ST\STM32CubeIDE_1.16.1\STM32CubeIDE\plugins\com.st.stm32cube.common.mx_6.13.0.202411220809\\db\/plugins/mcufinder/images/
2025-02-03 23:34:55,446 [WARN] DbFile:41 - Overriding database path with different value: C:\Users\GOLUM\.stmcufinder\plugins\mcufinder/ => C:\Users\GOLUM\.stmcufinder\plugins\mcufinder
2025-02-03 23:34:55,446 [INFO] ApiDb:250 - Set database path to: C:\Users\GOLUM\.stmcufinder\plugins\mcufinder//mcu/
2025-02-03 23:34:55,447 [WARN] DbFile:41 - Overriding database path with different value: C:\Users\GOLUM\.stmcufinder\plugins\mcufinder/ => C:\Users\GOLUM\.stmcufinder\plugins\mcufinder
2025-02-03 23:34:55,447 [INFO] DbMcusAds:125 - Set database path to: C:\Users\GOLUM\.stmcufinder\plugins\mcufinder//mcu/
2025-02-03 23:34:55,447 [WARN] DbFile:41 - Overriding database path with different value: C:\Users\GOLUM\.stmcufinder\plugins\mcufinder/ => C:\Users\GOLUM\.stmcufinder\plugins\mcufinder
2025-02-03 23:34:55,447 [WARN] DbFile:41 - Overriding database path with different value: C:\Users\GOLUM\.stmcufinder\plugins\mcufinder/ => C:\Users\GOLUM\.stmcufinder\plugins\mcufinder
2025-02-03 23:34:55,447 [INFO] CrossReferenceDbSqlite:203 - Set database path to: C:\Users\GOLUM\.stmcufinder\plugins\mcufinder//mcu/cs/
2025-02-03 23:34:55,625 [INFO] MainPanel:272 - HeapMemory: 268435456
2025-02-03 23:34:55,805 [INFO] DbMcusXml:78 - Set database path to: C:\ST\STM32CubeIDE_1.16.1\STM32CubeIDE\plugins\com.st.stm32cube.common.mx_6.13.0.202411220809\\db\/mcu/
2025-02-03 23:34:55,806 [INFO] ApiDb:274 - Set plugin database path to: C:\ST\STM32CubeIDE_1.16.1\STM32CubeIDE\plugins\com.st.stm32cube.common.mx_6.13.0.202411220809\\db\/plugins/boardmanager/
2025-02-03 23:34:55,807 [INFO] ApiDb:261 - Set plugin images path to: C:\ST\STM32CubeIDE_1.16.1\STM32CubeIDE\plugins\com.st.stm32cube.common.mx_6.13.0.202411220809\\db\/plugins/mcufinder/images/
2025-02-03 23:34:55,810 [WARN] DbFile:41 - Overriding database path with different value: C:\Users\GOLUM\.stmcufinder\plugins\mcufinder/ => C:\Users\GOLUM\.stmcufinder\plugins\mcufinder
2025-02-03 23:34:55,810 [INFO] ApiDb:250 - Set database path to: C:\Users\GOLUM\.stmcufinder\plugins\mcufinder//mcu/
2025-02-03 23:34:55,811 [WARN] DbFile:41 - Overriding database path with different value: C:\Users\GOLUM\.stmcufinder\plugins\mcufinder/ => C:\Users\GOLUM\.stmcufinder\plugins\mcufinder
2025-02-03 23:34:55,811 [INFO] DbMcusAds:125 - Set database path to: C:\Users\GOLUM\.stmcufinder\plugins\mcufinder//mcu/
2025-02-03 23:34:55,812 [WARN] DbFile:41 - Overriding database path with different value: C:\Users\GOLUM\.stmcufinder\plugins\mcufinder/ => C:\Users\GOLUM\.stmcufinder\plugins\mcufinder
2025-02-03 23:34:55,812 [WARN] DbFile:41 - Overriding database path with different value: C:\Users\GOLUM\.stmcufinder\plugins\mcufinder/ => C:\Users\GOLUM\.stmcufinder\plugins\mcufinder
2025-02-03 23:34:55,812 [INFO] CrossReferenceDbSqlite:203 - Set database path to: C:\Users\GOLUM\.stmcufinder\plugins\mcufinder//mcu/cs/
2025-02-03 23:34:55,864 [INFO] ApplicationProperties:184 - Using Application install path: C:\ST\STM32CubeIDE_1.16.1\STM32CubeIDE\plugins\com.st.stm32cube.common.mx_6.13.0.202411220809
2025-02-03 23:34:55,868 [INFO] PluginManage:196 - Search for loadable plugins [exclusion list=, ]
2025-02-03 23:34:55,872 [INFO] PluginManage:310 - Check plugin analytics
2025-02-03 23:34:56,394 [INFO] AnalyticsPlugin:253 - Accepted Software Licenses: 
2025-02-03 23:34:56,394 [INFO] AnalyticsPlugin:255 - Accepted CMSIS Pack Licenses: 
2025-02-03 23:34:56,395 [INFO] AnalyticsPlugin:257 - Accepted Firmware Licenses: FW.F4.1.28.0
2025-02-03 23:34:56,403 [INFO] PluginManage:359 - Loaded plugin analytics (category:tool,tabindex:-1)
2025-02-03 23:34:56,405 [INFO] PluginManage:310 - Check plugin cadmodel
2025-02-03 23:34:56,416 [INFO] CADModel:105 - Init CAD model plugin
2025-02-03 23:34:56,417 [INFO] PluginManage:359 - Loaded plugin cadmodel (category:power,tabindex:5)
2025-02-03 23:34:56,418 [INFO] PluginManage:310 - Check plugin clock
2025-02-03 23:34:56,441 [INFO] PluginManage:359 - Loaded plugin clock (category:base,tabindex:2)
2025-02-03 23:34:56,441 [INFO] PluginManage:310 - Check plugin ddr
2025-02-03 23:34:56,446 [INFO] PluginManage:359 - Loaded plugin ddr (category:tool,tabindex:6)
2025-02-03 23:34:56,447 [INFO] PluginManage:310 - Check plugin filemanager
2025-02-03 23:34:56,792 [INFO] PluginManage:359 - Loaded plugin filemanager (category:base,tabindex:10)
2025-02-03 23:34:56,792 [INFO] PluginManage:310 - Check plugin ipmanager
2025-02-03 23:34:56,807 [INFO] PluginManage:359 - Loaded plugin ipmanager (category:base,tabindex:5)
2025-02-03 23:34:56,808 [INFO] PluginManage:310 - Check plugin lpbam
2025-02-03 23:34:56,825 [INFO] PluginManage:359 - Loaded plugin lpbam (category:base,tabindex:0)
2025-02-03 23:34:56,825 [INFO] PluginManage:310 - Check plugin memorymap
2025-02-03 23:34:56,857 [INFO] PluginManage:359 - Loaded plugin memorymap (category:base,tabindex:4)
2025-02-03 23:34:56,857 [INFO] PluginManage:310 - Check plugin pinoutandconfiguration
2025-02-03 23:34:56,880 [INFO] PluginManage:359 - Loaded plugin pinoutandconfiguration (category:base,tabindex:1)
2025-02-03 23:34:56,881 [INFO] PluginManage:310 - Check plugin pinoutconfig
2025-02-03 23:34:57,093 [WARN] SupportedApi:132 - Cannot load RTOS API schema: s4s-elt-must-match.1: The content of 'definitions' must match (annotation?, (simpleType | complexType)?, (unique | key | keyref)*)). A problem was found starting at: attribute.
2025-02-03 23:34:57,677 [INFO] PluginManage:359 - Loaded plugin pinoutconfig (category:base,tabindex:0)
2025-02-03 23:34:57,678 [INFO] PluginManage:310 - Check plugin power
2025-02-03 23:34:57,704 [INFO] PluginManage:359 - Loaded plugin power (category:power,tabindex:4)
2025-02-03 23:34:57,705 [INFO] PluginManage:310 - Check plugin projectmanager
2025-02-03 23:34:57,756 [INFO] PluginManage:359 - Loaded plugin projectmanager (category:projectmanager,tabindex:4)
2025-02-03 23:34:57,757 [INFO] PluginManage:310 - Check plugin rif
2025-02-03 23:34:57,782 [INFO] PluginManage:359 - Loaded plugin rif (category:base,tabindex:3)
2025-02-03 23:34:57,783 [INFO] PluginManage:310 - Check plugin thirdparty
2025-02-03 23:34:58,289 [INFO] PluginManage:359 - Loaded plugin thirdparty (category:base,tabindex:-1)
2025-02-03 23:34:58,292 [WARN] IntegrityCheckThread:84 - waiting for thirdparty lock release [integrity check]
2025-02-03 23:34:58,294 [INFO] IntegrityCheckThread:86 - entering critical section [integrity check]
2025-02-03 23:34:58,289 [INFO] PluginManage:310 - Check plugin tools
2025-02-03 23:34:58,295 [INFO] ThirdPartyUpdaterWithRetryManager:70 - Updater plugin not ready yet. [1/15]
2025-02-03 23:34:58,310 [INFO] PluginManage:359 - Loaded plugin tools (category:base,tabindex:7)
2025-02-03 23:34:58,311 [INFO] PluginManage:310 - Check plugin tutovideos
2025-02-03 23:34:59,061 [INFO] PluginManage:359 - Loaded plugin tutovideos (category:base,tabindex:-1)
2025-02-03 23:34:59,062 [INFO] PluginManage:310 - Check plugin updater
2025-02-03 23:34:59,182 [INFO] PluginManage:359 - Loaded plugin updater (category:base,tabindex:12)
2025-02-03 23:34:59,183 [INFO] PluginManage:310 - Check plugin userauth
2025-02-03 23:34:59,192 [INFO] UserAuth:118 - Init User Auth plugin
2025-02-03 23:34:59,196 [INFO] PluginManage:359 - Loaded plugin userauth (category:base,tabindex:14)
2025-02-03 23:34:59,198 [INFO] PluginManage:283 - PluginManage : Loaded plugins [18]
2025-02-03 23:35:00,479 [INFO] PinOutPanel:1589 - setPackage(No Configuration,No Configuration)
2025-02-03 23:35:00,789 [INFO] CADModel:165 - CPN selected for project level
2025-02-03 23:35:00,790 [INFO] CADModel:114 - Register for checkConnection events
2025-02-03 23:35:00,841 [INFO] IPUIPlugin:80 - create IPUIPlugin
2025-02-03 23:35:00,842 [INFO] PluginManager:220 - loadIPPluginJar : add adc
2025-02-03 23:35:00,852 [INFO] IPUIPlugin:80 - create IPUIPlugin
2025-02-03 23:35:00,852 [INFO] PluginManager:220 - loadIPPluginJar : add aes
2025-02-03 23:35:00,863 [INFO] IPUIPlugin:80 - create IPUIPlugin
2025-02-03 23:35:00,866 [INFO] PluginManager:220 - loadIPPluginJar : add can
2025-02-03 23:35:00,872 [INFO] IPUIPlugin:80 - create IPUIPlugin
2025-02-03 23:35:00,872 [INFO] PluginManager:220 - loadIPPluginJar : add comp
2025-02-03 23:35:00,882 [INFO] IPUIPlugin:80 - create IPUIPlugin
2025-02-03 23:35:00,882 [INFO] PluginManager:220 - loadIPPluginJar : add cryp
2025-02-03 23:35:00,893 [INFO] IPUIPlugin:80 - create IPUIPlugin
2025-02-03 23:35:00,893 [INFO] PluginManager:220 - loadIPPluginJar : add ddr_ctrl_phy
2025-02-03 23:35:00,902 [INFO] IPUIPlugin:80 - create IPUIPlugin
2025-02-03 23:35:00,903 [INFO] PluginManager:220 - loadIPPluginJar : add dfsdm
2025-02-03 23:35:00,920 [INFO] IPUIPlugin:80 - create IPUIPlugin
2025-02-03 23:35:00,923 [INFO] PluginManager:220 - loadIPPluginJar : add dma
2025-02-03 23:35:00,931 [INFO] IPUIPlugin:80 - create IPUIPlugin
2025-02-03 23:35:00,932 [INFO] PluginManager:220 - loadIPPluginJar : add dma3
2025-02-03 23:35:00,943 [INFO] IPUIPlugin:80 - create IPUIPlugin
2025-02-03 23:35:00,944 [INFO] PluginManager:220 - loadIPPluginJar : add extmemmanager
2025-02-03 23:35:00,951 [INFO] IPUIPlugin:80 - create IPUIPlugin
2025-02-03 23:35:00,952 [INFO] PluginManager:220 - loadIPPluginJar : add fatfs
2025-02-03 23:35:00,976 [INFO] IPUIPlugin:80 - create IPUIPlugin
2025-02-03 23:35:00,976 [INFO] PluginManager:220 - loadIPPluginJar : add fmc
2025-02-03 23:35:00,996 [INFO] IPUIPlugin:80 - create IPUIPlugin
2025-02-03 23:35:00,997 [INFO] PluginManager:220 - loadIPPluginJar : add freertos
2025-02-03 23:35:01,001 [INFO] IPUIPlugin:80 - create IPUIPlugin
2025-02-03 23:35:01,002 [INFO] PluginManager:220 - loadIPPluginJar : add genericplugin
2025-02-03 23:35:01,008 [INFO] IPUIPlugin:80 - create IPUIPlugin
2025-02-03 23:35:01,008 [INFO] PluginManager:220 - loadIPPluginJar : add gfxmmu
2025-02-03 23:35:01,023 [INFO] IPUIPlugin:80 - create IPUIPlugin
2025-02-03 23:35:01,023 [INFO] PluginManager:220 - loadIPPluginJar : add gic
2025-02-03 23:35:01,037 [INFO] IPUIPlugin:80 - create IPUIPlugin
2025-02-03 23:35:01,038 [INFO] PluginManager:220 - loadIPPluginJar : add gpio
2025-02-03 23:35:01,045 [INFO] IPUIPlugin:80 - create IPUIPlugin
2025-02-03 23:35:01,045 [INFO] PluginManager:220 - loadIPPluginJar : add gtzc
2025-02-03 23:35:01,053 [INFO] IPUIPlugin:80 - create IPUIPlugin
2025-02-03 23:35:01,054 [INFO] PluginManager:220 - loadIPPluginJar : add hash
2025-02-03 23:35:01,063 [INFO] IPUIPlugin:80 - create IPUIPlugin
2025-02-03 23:35:01,064 [INFO] PluginManager:220 - loadIPPluginJar : add i2c
2025-02-03 23:35:01,070 [INFO] IPUIPlugin:80 - create IPUIPlugin
2025-02-03 23:35:01,071 [INFO] PluginManager:220 - loadIPPluginJar : add i2s
2025-02-03 23:35:01,079 [INFO] IPUIPlugin:80 - create IPUIPlugin
2025-02-03 23:35:01,079 [INFO] PluginManager:220 - loadIPPluginJar : add i3c
2025-02-03 23:35:01,087 [INFO] IPUIPlugin:80 - create IPUIPlugin
2025-02-03 23:35:01,088 [INFO] PluginManager:220 - loadIPPluginJar : add ipddr
2025-02-03 23:35:01,103 [INFO] IPUIPlugin:80 - create IPUIPlugin
2025-02-03 23:35:01,103 [INFO] PluginManager:220 - loadIPPluginJar : add linkedlist
2025-02-03 23:35:01,234 [INFO] IPUIPlugin:80 - create IPUIPlugin
2025-02-03 23:35:01,235 [INFO] PluginManager:220 - loadIPPluginJar : add lorawan
2025-02-03 23:35:01,297 [INFO] ThirdPartyUpdaterWithRetryManager:70 - Updater plugin not ready yet. [2/15]
2025-02-03 23:35:01,367 [INFO] IPUIPlugin:80 - create IPUIPlugin
2025-02-03 23:35:01,368 [INFO] PluginManager:220 - loadIPPluginJar : add ltdc
2025-02-03 23:35:01,419 [INFO] IPUIPlugin:80 - create IPUIPlugin
2025-02-03 23:35:01,419 [INFO] PluginManager:220 - loadIPPluginJar : add mdma
2025-02-03 23:35:01,456 [INFO] IPUIPlugin:80 - create IPUIPlugin
2025-02-03 23:35:01,457 [INFO] PluginManager:220 - loadIPPluginJar : add nvic
2025-02-03 23:35:01,626 [INFO] IPUIPlugin:80 - create IPUIPlugin
2025-02-03 23:35:01,626 [INFO] PluginManager:220 - loadIPPluginJar : add opamp
2025-02-03 23:35:01,946 [INFO] IPUIPlugin:80 - create IPUIPlugin
2025-02-03 23:35:01,947 [INFO] PluginManager:220 - loadIPPluginJar : add openamp
2025-02-03 23:35:02,128 [INFO] IPUIPlugin:80 - create IPUIPlugin
2025-02-03 23:35:02,128 [INFO] PluginManager:220 - loadIPPluginJar : add pdm2pcm
2025-02-03 23:35:02,203 [INFO] IPUIPlugin:80 - create IPUIPlugin
2025-02-03 23:35:02,214 [INFO] PluginManager:220 - loadIPPluginJar : add plateformsettings
2025-02-03 23:35:02,386 [INFO] IPUIPlugin:80 - create IPUIPlugin
2025-02-03 23:35:02,386 [INFO] PluginManager:220 - loadIPPluginJar : add quadspi
2025-02-03 23:35:02,516 [INFO] IPUIPlugin:80 - create IPUIPlugin
2025-02-03 23:35:02,518 [INFO] PluginManager:220 - loadIPPluginJar : add radio
2025-02-03 23:35:02,584 [INFO] IPUIPlugin:80 - create IPUIPlugin
2025-02-03 23:35:02,585 [INFO] PluginManager:220 - loadIPPluginJar : add resmgrutility
2025-02-03 23:35:02,798 [INFO] IPUIPlugin:80 - create IPUIPlugin
2025-02-03 23:35:02,798 [INFO] PluginManager:220 - loadIPPluginJar : add sai
2025-02-03 23:35:02,950 [INFO] IPUIPlugin:80 - create IPUIPlugin
2025-02-03 23:35:02,950 [INFO] PluginManager:220 - loadIPPluginJar : add spi
2025-02-03 23:35:03,214 [INFO] IPUIPlugin:80 - create IPUIPlugin
2025-02-03 23:35:03,215 [INFO] PluginManager:220 - loadIPPluginJar : add stm32_wpan
2025-02-03 23:35:03,297 [INFO] IPUIPlugin:80 - create IPUIPlugin
2025-02-03 23:35:03,298 [INFO] PluginManager:220 - loadIPPluginJar : add tim
2025-02-03 23:35:03,512 [INFO] IPUIPlugin:80 - create IPUIPlugin
2025-02-03 23:35:03,512 [INFO] PluginManager:220 - loadIPPluginJar : add touchsensing
2025-02-03 23:35:03,519 [INFO] IPUIPlugin:80 - create IPUIPlugin
2025-02-03 23:35:03,520 [INFO] PluginManager:220 - loadIPPluginJar : add tracer_emb
2025-02-03 23:35:03,526 [INFO] IPUIPlugin:80 - create IPUIPlugin
2025-02-03 23:35:03,526 [INFO] PluginManager:220 - loadIPPluginJar : add ts
2025-02-03 23:35:03,599 [INFO] IPUIPlugin:80 - create IPUIPlugin
2025-02-03 23:35:03,600 [INFO] PluginManager:220 - loadIPPluginJar : add tsc
2025-02-03 23:35:03,670 [INFO] IPUIPlugin:80 - create IPUIPlugin
2025-02-03 23:35:03,671 [INFO] PluginManager:220 - loadIPPluginJar : add ucpd
2025-02-03 23:35:03,810 [INFO] IPUIPlugin:80 - create IPUIPlugin
2025-02-03 23:35:03,810 [INFO] PluginManager:220 - loadIPPluginJar : add usart
2025-02-03 23:35:03,935 [INFO] IPUIPlugin:80 - create IPUIPlugin
2025-02-03 23:35:03,936 [INFO] PluginManager:220 - loadIPPluginJar : add usbx
2025-02-03 23:35:04,095 [FATAL] Updater:351 - Updater called before beeing initialized
2025-02-03 23:35:04,184 [INFO] RulesReader:64 - Compatibility file has been processed (297 Rules)
2025-02-03 23:35:04,278 [INFO] RulesReader:64 - Compatibility file has been processed (297 Rules)
2025-02-03 23:35:04,298 [INFO] ThirdPartyUpdaterWithRetryManager:70 - Updater plugin not ready yet. [3/15]
2025-02-03 23:35:04,299 [INFO] CADModel:165 - CPN selected for project level
2025-02-03 23:35:04,300 [INFO] CADModel:114 - Register for checkConnection events
2025-02-03 23:35:04,300 [FATAL] Updater:351 - Updater called before beeing initialized
2025-02-03 23:35:04,300 [ERROR] CADModel:125 - Updater not yet initialized, retry later 
2025-02-03 23:35:04,633 [FATAL] Updater:351 - Updater called before beeing initialized
2025-02-03 23:35:04,638 [INFO] CADModel:165 - CPN selected for project level
2025-02-03 23:35:04,638 [INFO] CADModel:114 - Register for checkConnection events
2025-02-03 23:35:04,638 [FATAL] Updater:351 - Updater called before beeing initialized
2025-02-03 23:35:04,639 [ERROR] CADModel:125 - Updater not yet initialized, retry later 
2025-02-03 23:35:04,644 [FATAL] Updater:351 - Updater called before beeing initialized
2025-02-03 23:35:04,987 [FATAL] Updater:351 - Updater called before beeing initialized
2025-02-03 23:35:05,005 [INFO] DbMcusAds:53 - JSON generation date=Tue Dec 17 21:31:15 IST 2024 (1734451275111)
2025-02-03 23:35:05,006 [FATAL] Updater:351 - Updater called before beeing initialized
2025-02-03 23:35:05,117 [WARN] DetailPanel:346 - Failed to get advertising image, set to default
2025-02-03 23:35:05,641 [FATAL] Updater:351 - Updater called before beeing initialized
2025-02-03 23:35:05,646 [FATAL] Updater:351 - Updater called before beeing initialized
2025-02-03 23:35:05,646 [FATAL] Updater:351 - Updater called before beeing initialized
2025-02-03 23:35:05,647 [WARN] DetailPanel:346 - Failed to get advertising image, set to default
2025-02-03 23:35:05,648 [FATAL] Updater:351 - Updater called before beeing initialized
2025-02-03 23:35:05,806 [ERROR] Updater:1198 - MainUpdater not yet initialized. External WinMGr cannot be set.
2025-02-03 23:35:05,835 [INFO] Updater:1134 - Updater Version found : 6.13.0
2025-02-03 23:35:05,876 [INFO] ApplicationProperties:184 - Using Application install path: C:\ST\STM32CubeIDE_1.16.1\STM32CubeIDE\plugins\com.st.stm32cube.common.mx_6.13.0.202411220809
2025-02-03 23:35:07,301 [FATAL] Updater:351 - Updater called before beeing initialized
2025-02-03 23:35:07,302 [ERROR] IntegrityCheckThread:130 - Cannot retrieve database content from updater: error 21
2025-02-03 23:35:07,303 [INFO] ThirdParty:978 - Integrity check success = false
2025-02-03 23:35:07,303 [INFO] IntegrityCheckThread:100 - exiting critical section [integrity check]
2025-02-03 23:35:07,303 [INFO] IntegrityCheckThread:103 - End integrity checks thread
2025-02-03 23:35:07,474 [ERROR] LogOutputStream:75 - [STDERR_REDIRECT] Feb 03, 2025 11:35:07 PM java.util.prefs.WindowsPreferences <init>
2025-02-03 23:35:07,479 [ERROR] LogOutputStream:75 - [STDERR_REDIRECT] WARNING: Could not open/create prefs root node Software\JavaSoft\Prefs at root 0xffffffff80000002. Windows RegCreateKeyEx(...) returned error code 5.
2025-02-03 23:35:07,479 [ERROR] LogOutputStream:75 - [STDERR_REDIRECT] 
2025-02-03 23:35:08,367 [INFO] MainUpdater:2872 - connection check result : 10
2025-02-03 23:35:08,369 [INFO] MainUpdater:289 - Updater Check For Update Now.
2025-02-03 23:35:08,369 [INFO] MicroXplorer:498 - Change Database Version : DB.6.0.130
2025-02-03 23:35:08,409 [INFO] McuFinderGlobals:63 - Set McuFinder mode to 2 (CubeIDE integrated)
2025-02-03 23:35:08,446 [INFO] UserAuth:486 - Internet connection configuration mode: 1
2025-02-03 23:35:09,062 [INFO] JxBrowserEngine:152 - Initiate JxBrowser Engine with user profile folder
2025-02-03 23:35:09,246 [INFO] CheckServerUpdateThread:120 - End of CheckServer Thread
2025-02-03 23:35:11,688 [INFO] WebApp:168 - Instantiating new browser for Auth
2025-02-03 23:35:14,742 [INFO] WebApp:449 - Apply proxy settings
2025-02-03 23:35:14,742 [INFO] WebApp:534 - Chromium requires no authentication
2025-02-03 23:35:14,771 [INFO] WebApp:477 - Direct internet connection detected
2025-02-03 23:35:14,986 [INFO] WebApp:880 - Register for checkConnection events
2025-02-03 23:35:14,987 [INFO] WebApp:449 - Apply proxy settings
2025-02-03 23:35:14,987 [INFO] WebApp:534 - Chromium requires no authentication
2025-02-03 23:35:14,989 [INFO] WebApp:477 - Direct internet connection detected
2025-02-03 23:35:15,699 [INFO] WebApp:221 - Starting web application
2025-02-03 23:35:15,700 [INFO] WebApp:579 - Web application path used C:\ST\STM32CubeIDE_1.16.1\STM32CubeIDE\plugins\com.st.stm32cube.common.mx_6.13.0.202411220809\db\plugins\mcufinder\reactClient1\index.html
2025-02-03 23:35:16,245 [INFO] UserAuth:486 - Internet connection configuration mode: 1
2025-02-03 23:35:21,467 [INFO] WebApp:187 - Connection restablished
2025-02-03 23:47:19,899 [ERROR] LogOutputStream:75 - [STDERR_REDIRECT] 
