2024-12-24 15:05:02,630 [INFO] Activator:176 - 


2024-12-24 15:05:02,652 [INFO] Activator:177 - !SESSION log4j initialized
2024-12-24 15:05:22,482 [INFO] LogOutputStream:77 - [STDOUT_REDIRECT] 
2024-12-24 15:05:36,818 [INFO] ApplicationProperties:184 - Using Application install path: C:\ST\STM32CubeIDE_1.16.1\STM32CubeIDE\plugins\com.st.stm32cube.common.mx_6.13.0.202411220809
2024-12-24 15:05:36,860 [INFO] DbMcusXml:78 - Set database path to: C:\ST\STM32CubeIDE_1.16.1\STM32CubeIDE\plugins\com.st.stm32cube.common.mx_6.13.0.202411220809\\db\/mcu/
2024-12-24 15:05:36,860 [INFO] ApiDb:274 - Set plugin database path to: C:\ST\STM32CubeIDE_1.16.1\STM32CubeIDE\plugins\com.st.stm32cube.common.mx_6.13.0.202411220809\\db\/plugins/boardmanager/
2024-12-24 15:05:36,861 [WARN] ApiDb:259 - Overriding images path with different value:  => C:\ST\STM32CubeIDE_1.16.1\STM32CubeIDE\plugins\com.st.stm32cube.common.mx_6.13.0.202411220809\\db\/plugins/mcufinder/images/
2024-12-24 15:05:36,883 [INFO] ApiDb:250 - Set database path to: C:\Users\GOLUM\.stmcufinder\plugins\mcufinder//mcu/
2024-12-24 15:05:36,886 [INFO] DbMcusAds:125 - Set database path to: C:\Users\GOLUM\.stmcufinder\plugins\mcufinder//mcu/
2024-12-24 15:05:36,899 [INFO] CrossReferenceDbSqlite:203 - Set database path to: C:\Users\GOLUM\.stmcufinder\plugins\mcufinder//mcu/cs/
2024-12-24 15:05:37,311 [INFO] RulesReader:64 - Compatibility file has been processed (297 Rules)
2024-12-24 15:05:37,613 [INFO] DbMcusXml:78 - Set database path to: C:\ST\STM32CubeIDE_1.16.1\STM32CubeIDE\plugins\com.st.stm32cube.common.mx_6.13.0.202411220809\\db\/mcu/
2024-12-24 15:05:37,614 [INFO] ApiDb:274 - Set plugin database path to: C:\ST\STM32CubeIDE_1.16.1\STM32CubeIDE\plugins\com.st.stm32cube.common.mx_6.13.0.202411220809\\db\/plugins/boardmanager/
2024-12-24 15:05:37,614 [INFO] ApiDb:261 - Set plugin images path to: C:\ST\STM32CubeIDE_1.16.1\STM32CubeIDE\plugins\com.st.stm32cube.common.mx_6.13.0.202411220809\\db\/plugins/mcufinder/images/
2024-12-24 15:05:37,615 [WARN] DbFile:41 - Overriding database path with different value: C:\Users\GOLUM\.stmcufinder\plugins\mcufinder/ => C:\Users\GOLUM\.stmcufinder\plugins\mcufinder
2024-12-24 15:05:37,615 [INFO] ApiDb:250 - Set database path to: C:\Users\GOLUM\.stmcufinder\plugins\mcufinder//mcu/
2024-12-24 15:05:37,616 [WARN] DbFile:41 - Overriding database path with different value: C:\Users\GOLUM\.stmcufinder\plugins\mcufinder/ => C:\Users\GOLUM\.stmcufinder\plugins\mcufinder
2024-12-24 15:05:37,616 [INFO] DbMcusAds:125 - Set database path to: C:\Users\GOLUM\.stmcufinder\plugins\mcufinder//mcu/
2024-12-24 15:05:37,617 [WARN] DbFile:41 - Overriding database path with different value: C:\Users\GOLUM\.stmcufinder\plugins\mcufinder/ => C:\Users\GOLUM\.stmcufinder\plugins\mcufinder
2024-12-24 15:05:37,617 [WARN] DbFile:41 - Overriding database path with different value: C:\Users\GOLUM\.stmcufinder\plugins\mcufinder/ => C:\Users\GOLUM\.stmcufinder\plugins\mcufinder
2024-12-24 15:05:37,617 [INFO] CrossReferenceDbSqlite:203 - Set database path to: C:\Users\GOLUM\.stmcufinder\plugins\mcufinder//mcu/cs/
2024-12-24 15:05:37,861 [INFO] MainPanel:272 - HeapMemory: 268435456
2024-12-24 15:05:38,165 [INFO] DbMcusXml:78 - Set database path to: C:\ST\STM32CubeIDE_1.16.1\STM32CubeIDE\plugins\com.st.stm32cube.common.mx_6.13.0.202411220809\\db\/mcu/
2024-12-24 15:05:38,166 [INFO] ApiDb:274 - Set plugin database path to: C:\ST\STM32CubeIDE_1.16.1\STM32CubeIDE\plugins\com.st.stm32cube.common.mx_6.13.0.202411220809\\db\/plugins/boardmanager/
2024-12-24 15:05:38,166 [INFO] ApiDb:261 - Set plugin images path to: C:\ST\STM32CubeIDE_1.16.1\STM32CubeIDE\plugins\com.st.stm32cube.common.mx_6.13.0.202411220809\\db\/plugins/mcufinder/images/
2024-12-24 15:05:38,167 [WARN] DbFile:41 - Overriding database path with different value: C:\Users\GOLUM\.stmcufinder\plugins\mcufinder/ => C:\Users\GOLUM\.stmcufinder\plugins\mcufinder
2024-12-24 15:05:38,168 [INFO] ApiDb:250 - Set database path to: C:\Users\GOLUM\.stmcufinder\plugins\mcufinder//mcu/
2024-12-24 15:05:38,168 [WARN] DbFile:41 - Overriding database path with different value: C:\Users\GOLUM\.stmcufinder\plugins\mcufinder/ => C:\Users\GOLUM\.stmcufinder\plugins\mcufinder
2024-12-24 15:05:38,169 [INFO] DbMcusAds:125 - Set database path to: C:\Users\GOLUM\.stmcufinder\plugins\mcufinder//mcu/
2024-12-24 15:05:38,169 [WARN] DbFile:41 - Overriding database path with different value: C:\Users\GOLUM\.stmcufinder\plugins\mcufinder/ => C:\Users\GOLUM\.stmcufinder\plugins\mcufinder
2024-12-24 15:05:38,169 [WARN] DbFile:41 - Overriding database path with different value: C:\Users\GOLUM\.stmcufinder\plugins\mcufinder/ => C:\Users\GOLUM\.stmcufinder\plugins\mcufinder
2024-12-24 15:05:38,170 [INFO] CrossReferenceDbSqlite:203 - Set database path to: C:\Users\GOLUM\.stmcufinder\plugins\mcufinder//mcu/cs/
2024-12-24 15:05:38,231 [INFO] ApplicationProperties:184 - Using Application install path: C:\ST\STM32CubeIDE_1.16.1\STM32CubeIDE\plugins\com.st.stm32cube.common.mx_6.13.0.202411220809
2024-12-24 15:05:38,235 [INFO] PluginManage:196 - Search for loadable plugins [exclusion list=, ]
2024-12-24 15:05:38,239 [INFO] PluginManage:310 - Check plugin analytics
2024-12-24 15:05:43,248 [INFO] AnalyticsPlugin:253 - Accepted Software Licenses: 
2024-12-24 15:05:43,248 [INFO] AnalyticsPlugin:255 - Accepted CMSIS Pack Licenses: 
2024-12-24 15:05:43,249 [INFO] AnalyticsPlugin:257 - Accepted Firmware Licenses: FW.F4.1.28.0
2024-12-24 15:05:43,250 [INFO] PluginManage:359 - Loaded plugin analytics (category:tool,tabindex:-1)
2024-12-24 15:05:43,251 [INFO] PluginManage:310 - Check plugin cadmodel
2024-12-24 15:05:43,287 [INFO] CADModel:105 - Init CAD model plugin
2024-12-24 15:05:43,288 [INFO] PluginManage:359 - Loaded plugin cadmodel (category:power,tabindex:5)
2024-12-24 15:05:43,288 [INFO] PluginManage:310 - Check plugin clock
2024-12-24 15:05:43,330 [INFO] PluginManage:359 - Loaded plugin clock (category:base,tabindex:2)
2024-12-24 15:05:43,331 [INFO] PluginManage:310 - Check plugin ddr
2024-12-24 15:05:43,336 [INFO] PluginManage:359 - Loaded plugin ddr (category:tool,tabindex:6)
2024-12-24 15:05:43,336 [INFO] PluginManage:310 - Check plugin filemanager
2024-12-24 15:05:43,838 [INFO] PluginManage:359 - Loaded plugin filemanager (category:base,tabindex:10)
2024-12-24 15:05:43,839 [INFO] PluginManage:310 - Check plugin ipmanager
2024-12-24 15:05:43,859 [INFO] PluginManage:359 - Loaded plugin ipmanager (category:base,tabindex:5)
2024-12-24 15:05:43,861 [INFO] PluginManage:310 - Check plugin lpbam
2024-12-24 15:05:43,915 [INFO] PluginManage:359 - Loaded plugin lpbam (category:base,tabindex:0)
2024-12-24 15:05:43,915 [INFO] PluginManage:310 - Check plugin memorymap
2024-12-24 15:05:43,969 [INFO] PluginManage:359 - Loaded plugin memorymap (category:base,tabindex:4)
2024-12-24 15:05:43,970 [INFO] PluginManage:310 - Check plugin pinoutandconfiguration
2024-12-24 15:05:44,017 [INFO] PluginManage:359 - Loaded plugin pinoutandconfiguration (category:base,tabindex:1)
2024-12-24 15:05:44,017 [INFO] PluginManage:310 - Check plugin pinoutconfig
2024-12-24 15:05:44,304 [WARN] SupportedApi:132 - Cannot load RTOS API schema: s4s-elt-must-match.1: The content of 'definitions' must match (annotation?, (simpleType | complexType)?, (unique | key | keyref)*)). A problem was found starting at: attribute.
2024-12-24 15:05:44,722 [INFO] PluginManage:359 - Loaded plugin pinoutconfig (category:base,tabindex:0)
2024-12-24 15:05:44,723 [INFO] PluginManage:310 - Check plugin power
2024-12-24 15:05:44,780 [INFO] PluginManage:359 - Loaded plugin power (category:power,tabindex:4)
2024-12-24 15:05:44,780 [INFO] PluginManage:310 - Check plugin projectmanager
2024-12-24 15:05:44,819 [INFO] PluginManage:359 - Loaded plugin projectmanager (category:projectmanager,tabindex:4)
2024-12-24 15:05:44,819 [INFO] PluginManage:310 - Check plugin rif
2024-12-24 15:05:44,868 [INFO] PluginManage:359 - Loaded plugin rif (category:base,tabindex:3)
2024-12-24 15:05:44,868 [INFO] PluginManage:310 - Check plugin thirdparty
2024-12-24 15:05:45,847 [INFO] PluginManage:359 - Loaded plugin thirdparty (category:base,tabindex:-1)
2024-12-24 15:05:45,847 [INFO] PluginManage:310 - Check plugin tools
2024-12-24 15:05:45,890 [WARN] IntegrityCheckThread:84 - waiting for thirdparty lock release [integrity check]
2024-12-24 15:05:45,944 [INFO] IntegrityCheckThread:86 - entering critical section [integrity check]
2024-12-24 15:05:45,948 [INFO] ThirdPartyUpdaterWithRetryManager:70 - Updater plugin not ready yet. [1/15]
2024-12-24 15:05:45,984 [INFO] PluginManage:359 - Loaded plugin tools (category:base,tabindex:7)
2024-12-24 15:05:45,985 [INFO] PluginManage:310 - Check plugin tutovideos
2024-12-24 15:05:46,607 [INFO] PluginManage:359 - Loaded plugin tutovideos (category:base,tabindex:-1)
2024-12-24 15:05:46,607 [INFO] PluginManage:310 - Check plugin updater
2024-12-24 15:05:46,661 [INFO] PluginManage:359 - Loaded plugin updater (category:base,tabindex:12)
2024-12-24 15:05:46,662 [INFO] PluginManage:310 - Check plugin userauth
2024-12-24 15:05:46,672 [INFO] UserAuth:118 - Init User Auth plugin
2024-12-24 15:05:46,674 [INFO] PluginManage:359 - Loaded plugin userauth (category:base,tabindex:14)
2024-12-24 15:05:46,675 [INFO] PluginManage:283 - PluginManage : Loaded plugins [18]
2024-12-24 15:05:47,183 [INFO] PinOutPanel:1589 - setPackage(No Configuration,No Configuration)
2024-12-24 15:05:47,412 [INFO] CADModel:165 - CPN selected for project level
2024-12-24 15:05:47,413 [INFO] CADModel:114 - Register for checkConnection events
2024-12-24 15:05:47,488 [INFO] IPUIPlugin:80 - create IPUIPlugin
2024-12-24 15:05:47,489 [INFO] PluginManager:220 - loadIPPluginJar : add adc
2024-12-24 15:05:47,591 [INFO] IPUIPlugin:80 - create IPUIPlugin
2024-12-24 15:05:47,592 [INFO] PluginManager:220 - loadIPPluginJar : add aes
2024-12-24 15:05:47,704 [INFO] IPUIPlugin:80 - create IPUIPlugin
2024-12-24 15:05:47,704 [INFO] PluginManager:220 - loadIPPluginJar : add can
2024-12-24 15:05:47,772 [INFO] IPUIPlugin:80 - create IPUIPlugin
2024-12-24 15:05:47,773 [INFO] PluginManager:220 - loadIPPluginJar : add comp
2024-12-24 15:05:47,862 [INFO] IPUIPlugin:80 - create IPUIPlugin
2024-12-24 15:05:47,862 [INFO] PluginManager:220 - loadIPPluginJar : add cryp
2024-12-24 15:05:47,892 [INFO] IPUIPlugin:80 - create IPUIPlugin
2024-12-24 15:05:47,893 [INFO] PluginManager:220 - loadIPPluginJar : add ddr_ctrl_phy
2024-12-24 15:05:47,982 [INFO] IPUIPlugin:80 - create IPUIPlugin
2024-12-24 15:05:47,982 [INFO] PluginManager:220 - loadIPPluginJar : add dfsdm
2024-12-24 15:05:48,014 [INFO] IPUIPlugin:80 - create IPUIPlugin
2024-12-24 15:05:48,015 [INFO] PluginManager:220 - loadIPPluginJar : add dma
2024-12-24 15:05:48,126 [INFO] IPUIPlugin:80 - create IPUIPlugin
2024-12-24 15:05:48,126 [INFO] PluginManager:220 - loadIPPluginJar : add dma3
2024-12-24 15:05:48,260 [INFO] IPUIPlugin:80 - create IPUIPlugin
2024-12-24 15:05:48,261 [INFO] PluginManager:220 - loadIPPluginJar : add extmemmanager
2024-12-24 15:05:48,342 [INFO] IPUIPlugin:80 - create IPUIPlugin
2024-12-24 15:05:48,342 [INFO] PluginManager:220 - loadIPPluginJar : add fatfs
2024-12-24 15:05:48,537 [INFO] IPUIPlugin:80 - create IPUIPlugin
2024-12-24 15:05:48,537 [INFO] PluginManager:220 - loadIPPluginJar : add fmc
2024-12-24 15:05:48,590 [INFO] IPUIPlugin:80 - create IPUIPlugin
2024-12-24 15:05:48,591 [INFO] PluginManager:220 - loadIPPluginJar : add freertos
2024-12-24 15:05:48,671 [INFO] IPUIPlugin:80 - create IPUIPlugin
2024-12-24 15:05:48,671 [INFO] PluginManager:220 - loadIPPluginJar : add genericplugin
2024-12-24 15:05:48,953 [INFO] ThirdPartyUpdaterWithRetryManager:70 - Updater plugin not ready yet. [2/15]
2024-12-24 15:05:49,048 [INFO] IPUIPlugin:80 - create IPUIPlugin
2024-12-24 15:05:49,049 [INFO] PluginManager:220 - loadIPPluginJar : add gfxmmu
2024-12-24 15:05:49,723 [INFO] IPUIPlugin:80 - create IPUIPlugin
2024-12-24 15:05:49,724 [INFO] PluginManager:220 - loadIPPluginJar : add gic
2024-12-24 15:05:49,780 [INFO] IPUIPlugin:80 - create IPUIPlugin
2024-12-24 15:05:49,781 [INFO] PluginManager:220 - loadIPPluginJar : add gpio
2024-12-24 15:05:50,232 [INFO] IPUIPlugin:80 - create IPUIPlugin
2024-12-24 15:05:50,233 [INFO] PluginManager:220 - loadIPPluginJar : add gtzc
2024-12-24 15:05:50,364 [INFO] IPUIPlugin:80 - create IPUIPlugin
2024-12-24 15:05:50,364 [INFO] PluginManager:220 - loadIPPluginJar : add hash
2024-12-24 15:05:50,561 [INFO] IPUIPlugin:80 - create IPUIPlugin
2024-12-24 15:05:50,562 [INFO] PluginManager:220 - loadIPPluginJar : add i2c
2024-12-24 15:05:50,709 [INFO] IPUIPlugin:80 - create IPUIPlugin
2024-12-24 15:05:50,710 [INFO] PluginManager:220 - loadIPPluginJar : add i2s
2024-12-24 15:05:50,868 [INFO] IPUIPlugin:80 - create IPUIPlugin
2024-12-24 15:05:50,869 [INFO] PluginManager:220 - loadIPPluginJar : add i3c
2024-12-24 15:05:51,309 [INFO] IPUIPlugin:80 - create IPUIPlugin
2024-12-24 15:05:51,310 [INFO] PluginManager:220 - loadIPPluginJar : add ipddr
2024-12-24 15:05:51,658 [INFO] IPUIPlugin:80 - create IPUIPlugin
2024-12-24 15:05:51,658 [INFO] PluginManager:220 - loadIPPluginJar : add linkedlist
